Arguments: 
  C:\Program Files\nodejs\node.exe C:\Program Files (x86)\Yarn\bin\yarn.js add --dev dotenv

PATH: 
  C:\Windows\system32;C:\Windows;C:\Windows\System32\Wbem;C:\Windows\System32\WindowsPowerShell\v1.0\;C:\Windows\System32\OpenSSH\;C:\Program Files\NVIDIA Corporation\NVIDIA NvDLISR;C:\Program Files (x86)\Windows Kits\8.1\Windows Performance Toolkit\;C:\MinGW\bin;C:\WINDOWS\system32;C:\WINDOWS;C:\WINDOWS\System32\Wbem;C:\WINDOWS\System32\WindowsPowerShell\v1.0\;C:\WINDOWS\System32\OpenSSH\;C:\ProgramData\chocolatey\bin;C:\Program Files (x86)\Yarn\bin\;C:\Program Files\MATLAB\R2022a\bin;C:\Program Files\Git\cmd;C:\Program Files\nodejs\;C:\Program Files\Cloudflare\Cloudflare WARP\;C:\Users\singl\AppData\Local\Microsoft\WindowsApps;C:\Users\singl\AppData\Local\Programs\Microsoft VS Code\bin;C:\Program Files (x86)\mingw-w64\i686-8.1.0-posix-dwarf-rt_v6-rev0\mingw32\bin;C:\Users\singl\AppData\Local\Yarn\bin;c:\users\singl\appdata\local\packages\pythonsoftwarefoundation.python.3.9_qbz5n2kfra8p0\localcache\local-packages\python39\scripts;c:\users\singl\.local\bin;C:\Users\singl\Downloads\MinGW64\MinGW64\bin;C:\Users\singl\AppData\Roaming\npm;;C:\Users\singl\Apps\go-ipfs_v0.13.0\go-ipfs

Yarn version: 
  1.22.15

Node version: 
  16.16.0

Platform: 
  win32 x64

Trace: 
  Error: EPERM: operation not permitted, unlink 'C:\Users\singl\Desktop\hardhat_projects_solidity\learnWeb3\sophomore_Token\hardhat-tutorial\node_modules\@nomicfoundation\solidity-analyzer-win32-x64-msvc\solidity-analyzer.win32-x64-msvc.node'

npm manifest: 
  {
    "name": "hardhat-tutorial",
    "version": "1.0.0",
    "description": "",
    "main": "index.js",
    "scripts": {
      "test": "echo \"Error: no test specified\" && exit 1"
    },
    "author": "",
    "license": "ISC",
    "devDependencies": {
      "@ethersproject/providers": "^5.7.0",
      "@nomicfoundation/hardhat-chai-matchers": "^1.0.0",
      "@nomicfoundation/hardhat-network-helpers": "^1.0.0",
      "@nomicfoundation/hardhat-toolbox": "^1.0.1",
      "@nomiclabs/hardhat-ethers": "^2.0.0",
      "@nomiclabs/hardhat-etherscan": "^3.0.0",
      "@typechain/ethers-v5": "^10.1.0",
      "@typechain/hardhat": "^6.1.2",
      "@types/chai": "^4.2.0",
      "@types/mocha": "^9.1.0",
      "chai": "^4.2.0",
      "ethers": "^5.4.7",
      "hardhat": "^2.11.1",
      "hardhat-gas-reporter": "^1.0.8",
      "solidity-coverage": "^0.7.21",
      "ts-node": "^10.9.1",
      "typechain": "^8.1.0",
      "typescript": "^4.8.3"
    },
    "dependencies": {
      "@openzeppelin/contracts": "^4.7.3",
      "dotenv": "^16.0.2",
      "hardhat-shorthand": "^1.0.0"
    }
  }

yarn manifest: 
  No manifest

Lockfile: 
  No lockfile
